#
# There is insufficient memory for the Java Runtime Environment to continue.
# Native memory allocation (malloc) failed to allocate 931856 bytes for Chunk::new
# Possible reasons:
#   The system is out of physical RAM or swap space
#   In 32 bit mode, the process size limit was hit
# Possible solutions:
#   Reduce memory load on the system
#   Increase physical memory or swap space
#   Check if swap backing store is full
#   Use 64 bit Java on a 64 bit OS
#   Decrease Java heap size (-Xmx/-Xms)
#   Decrease number of Java threads
#   Decrease Java thread stack sizes (-Xss)
#   Set larger code cache with -XX:ReservedCodeCacheSize=
# This output file may be truncated or incomplete.
#
#  Out of Memory Error (allocation.cpp:323), pid=10388, tid=5628
#
# JRE version: Java(TM) SE Runtime Environment (7.0_80-b15) (build 1.7.0_80-b15)
# Java VM: Java HotSpot(TM) 64-Bit Server VM (24.80-b11 mixed mode windows-amd64 compressed oops)
# Failed to write core dump. Minidumps are not enabled by default on client versions of Windows
#

---------------  T H R E A D  ---------------

Current thread (0x00000000089a6000):  JavaThread "C2 CompilerThread1" daemon [_thread_in_native, id=5628, stack(0x000000000a040000,0x000000000a140000)]

Stack: [0x000000000a040000,0x000000000a140000]

Current CompileTask:
C2:   9380  370   !         org.apache.xerces.impl.XMLDocumentFragmentScannerImpl$FragmentContentDispatcher::dispatch (1126 bytes)


---------------  P R O C E S S  ---------------

Java Threads: ( => current thread )
  0x000000000b217800 JavaThread "File lock request listener" [_thread_in_native, id=13992, stack(0x000000000d030000,0x000000000d130000)]
  0x000000000b254800 JavaThread "Stdin handler" [_thread_blocked, id=10272, stack(0x000000000cf30000,0x000000000d030000)]
  0x000000000b566000 JavaThread "Asynchronous log dispatcher for org.gradle.launcher.daemon.server.DefaultDaemonConnection@f7e4f49" [_thread_blocked, id=10180, stack(0x000000000ce30000,0x000000000cf30000)]
  0x000000000b1ec000 JavaThread "Daemon worker" [_thread_in_native, id=13096, stack(0x000000000cd30000,0x000000000ce30000)]
  0x000000000a9d7000 JavaThread "Cancel handler" [_thread_blocked, id=1956, stack(0x000000000cc30000,0x000000000cd30000)]
  0x000000000b5fd000 JavaThread "Handler for socket connection from /127.0.0.1:53102 to /127.0.0.1:53103" [_thread_in_native, id=5880, stack(0x000000000cb30000,0x000000000cc30000)]
  0x000000000b216800 JavaThread "Daemon" [_thread_blocked, id=7968, stack(0x000000000ca30000,0x000000000cb30000)]
  0x000000000aa63800 JavaThread "Incoming local TCP Connector on port 53102" [_thread_in_native, id=6128, stack(0x000000000c530000,0x000000000c630000)]
  0x000000000b6e1800 JavaThread "pool-1-thread-1" [_thread_blocked, id=3284, stack(0x000000000c430000,0x000000000c530000)]
  0x00000000089b9000 JavaThread "Service Thread" daemon [_thread_blocked, id=8196, stack(0x000000000a140000,0x000000000a240000)]
=>0x00000000089a6000 JavaThread "C2 CompilerThread1" daemon [_thread_in_native, id=5628, stack(0x000000000a040000,0x000000000a140000)]
  0x00000000089a4000 JavaThread "C2 CompilerThread0" daemon [_thread_in_vm, id=13596, stack(0x0000000009f40000,0x000000000a040000)]
  0x00000000089a3000 JavaThread "Attach Listener" daemon [_thread_blocked, id=3732, stack(0x0000000009e40000,0x0000000009f40000)]
  0x00000000089a0000 JavaThread "Signal Dispatcher" daemon [_thread_blocked, id=10064, stack(0x0000000009d40000,0x0000000009e40000)]
  0x0000000008969000 JavaThread "Finalizer" daemon [_thread_blocked, id=8844, stack(0x0000000009c40000,0x0000000009d40000)]
  0x0000000008965800 JavaThread "Reference Handler" daemon [_thread_blocked, id=12448, stack(0x0000000009b40000,0x0000000009c40000)]
  0x00000000021ed800 JavaThread "main" [_thread_blocked, id=9988, stack(0x00000000021f0000,0x00000000022f0000)]

Other Threads:
  0x0000000008960800 VMThread [stack: 0x0000000009a40000,0x0000000009b40000] [id=5612]
  0x00000000089c3800 WatcherThread [stack: 0x000000000a240000,0x000000000a340000] [id=8080]

VM state:not at safepoint (normal execution)

VM Mutex/Monitor currently owned by a thread: None

Heap
 PSYoungGen      total 62976K, used 44177K [0x00000000eaa80000, 0x00000000f3580000, 0x0000000100000000)
  eden space 58368K, 67% used [0x00000000eaa80000,0x00000000ed1277d0,0x00000000ee380000)
  from space 4608K, 99% used [0x00000000ee380000,0x00000000ee7fd010,0x00000000ee800000)
  to   space 12800K, 0% used [0x00000000f2900000,0x00000000f2900000,0x00000000f3580000)
 ParOldGen       total 75776K, used 13749K [0x00000000c0000000, 0x00000000c4a00000, 0x00000000eaa80000)
  object space 75776K, 18% used [0x00000000c0000000,0x00000000c0d6d660,0x00000000c4a00000)
 PSPermGen       total 27136K, used 26936K [0x00000000b0000000, 0x00000000b1a80000, 0x00000000c0000000)
  object space 27136K, 99% used [0x00000000b0000000,0x00000000b1a4e258,0x00000000b1a80000)

Card table byte_map: [0x00000000055b0000,0x0000000005840000] byte_map_base: 0x0000000005030000

Polling page: 0x0000000000910000

Code Cache  [0x00000000024f0000, 0x0000000002760000, 0x00000000054f0000)
 total_blobs=919 nmethods=339 adapters=533 free_code_cache=46982Kb largest_free_block=48070720

Compilation events (10 events):
Event: 9.229 Thread 0x00000000089a4000  368             java.util.regex.Matcher::match (109 bytes)
Event: 9.232 Thread 0x00000000089a4000 nmethod 368 0x00000000025cba10 code [0x00000000025cbb60, 0x00000000025cbcf8]
Event: 9.232 Thread 0x00000000089a4000  369             java.net.URI::quote (208 bytes)
Event: 9.242 Thread 0x00000000089a6000 nmethod 366 0x0000000002714610 code [0x0000000002714860, 0x0000000002715a08]
Event: 9.248 Thread 0x00000000089a4000 nmethod 369 0x00000000025cc790 code [0x00000000025cc960, 0x00000000025cd0d0]
Event: 9.257 Thread 0x00000000089a6000  370   !         org.apache.xerces.impl.XMLDocumentFragmentScannerImpl$FragmentContentDispatcher::dispatch (1126 bytes)
Event: 9.290 Thread 0x00000000089a4000  371             org.apache.xerces.impl.dtd.DTDGrammar$QNameHashtable::get (81 bytes)
Event: 9.296 Thread 0x00000000089a4000 nmethod 371 0x00000000025b4d10 code [0x00000000025b4e60, 0x00000000025b5198]
Event: 9.299 Thread 0x00000000089a4000  372             org.apache.xerces.dom.NodeImpl::needsSyncData (27 bytes)
Event: 9.299 Thread 0x00000000089a4000 nmethod 372 0x00000000025b4b10 code [0x00000000025b4c40, 0x00000000025b4cb8]

GC Heap History (10 events):
Event: 1.791 GC heap before
{Heap before GC invocations=1 (full 0):
 PSYoungGen      total 33792K, used 29184K [0x00000000eaa80000, 0x00000000ed000000, 0x0000000100000000)
  eden space 29184K, 100% used [0x00000000eaa80000,0x00000000ec700000,0x00000000ec700000)
  from space 4608K, 0% used [0x00000000ecb80000,0x00000000ecb80000,0x00000000ed000000)
  to   space 4608K, 0% used [0x00000000ec700000,0x00000000ec700000,0x00000000ecb80000)
 ParOldGen       total 75776K, used 0K [0x00000000c0000000, 0x00000000c4a00000, 0x00000000eaa80000)
  object space 75776K, 0% used [0x00000000c0000000,0x00000000c0000000,0x00000000c4a00000)
 PSPermGen       total 21504K, used 5641K [0x00000000b0000000, 0x00000000b1500000, 0x00000000c0000000)
  object space 21504K, 26% used [0x00000000b0000000,0x00000000b0582550,0x00000000b1500000)
Event: 1.801 GC heap after
Heap after GC invocations=1 (full 0):
 PSYoungGen      total 33792K, used 3735K [0x00000000eaa80000, 0x00000000ed000000, 0x0000000100000000)
  eden space 29184K, 0% used [0x00000000eaa80000,0x00000000eaa80000,0x00000000ec700000)
  from space 4608K, 81% used [0x00000000ec700000,0x00000000ecaa5d58,0x00000000ecb80000)
  to   space 4608K, 0% used [0x00000000ecb80000,0x00000000ecb80000,0x00000000ed000000)
 ParOldGen       total 75776K, used 8K [0x00000000c0000000, 0x00000000c4a00000, 0x00000000eaa80000)
  object space 75776K, 0% used [0x00000000c0000000,0x00000000c0002000,0x00000000c4a00000)
 PSPermGen       total 21504K, used 5641K [0x00000000b0000000, 0x00000000b1500000, 0x00000000c0000000)
  object space 21504K, 26% used [0x00000000b0000000,0x00000000b0582550,0x00000000b1500000)
}
Event: 3.207 GC heap before
{Heap before GC invocations=2 (full 0):
 PSYoungGen      total 33792K, used 32919K [0x00000000eaa80000, 0x00000000ed000000, 0x0000000100000000)
  eden space 29184K, 100% used [0x00000000eaa80000,0x00000000ec700000,0x00000000ec700000)
  from space 4608K, 81% used [0x00000000ec700000,0x00000000ecaa5d58,0x00000000ecb80000)
  to   space 4608K, 0% used [0x00000000ecb80000,0x00000000ecb80000,0x00000000ed000000)
 ParOldGen       total 75776K, used 8K [0x00000000c0000000, 0x00000000c4a00000, 0x00000000eaa80000)
  object space 75776K, 0% used [0x00000000c0000000,0x00000000c0002000,0x00000000c4a00000)
 PSPermGen       total 21504K, used 10698K [0x00000000b0000000, 0x00000000b1500000, 0x00000000c0000000)
  object space 21504K, 49% used [0x00000000b0000000,0x00000000b0a72ba0,0x00000000b1500000)
Event: 3.219 GC heap after
Heap after GC invocations=2 (full 0):
 PSYoungGen      total 33792K, used 4596K [0x00000000eaa80000, 0x00000000ed000000, 0x0000000100000000)
  eden space 29184K, 0% used [0x00000000eaa80000,0x00000000eaa80000,0x00000000ec700000)
  from space 4608K, 99% used [0x00000000ecb80000,0x00000000ecffd1d8,0x00000000ed000000)
  to   space 4608K, 0% used [0x00000000ec700000,0x00000000ec700000,0x00000000ecb80000)
 ParOldGen       total 75776K, used 86K [0x00000000c0000000, 0x00000000c4a00000, 0x00000000eaa80000)
  object space 75776K, 0% used [0x00000000c0000000,0x00000000c00159b0,0x00000000c4a00000)
 PSPermGen       total 21504K, used 10698K [0x00000000b0000000, 0x00000000b1500000, 0x00000000c0000000)
  object space 21504K, 49% used [0x00000000b0000000,0x00000000b0a72ba0,0x00000000b1500000)
}
Event: 4.390 GC heap before
{Heap before GC invocations=3 (full 0):
 PSYoungGen      total 33792K, used 33780K [0x00000000eaa80000, 0x00000000ed000000, 0x0000000100000000)
  eden space 29184K, 100% used [0x00000000eaa80000,0x00000000ec700000,0x00000000ec700000)
  from space 4608K, 99% used [0x00000000ecb80000,0x00000000ecffd1d8,0x00000000ed000000)
  to   space 4608K, 0% used [0x00000000ec700000,0x00000000ec700000,0x00000000ecb80000)
 ParOldGen       total 75776K, used 86K [0x00000000c0000000, 0x00000000c4a00000, 0x00000000eaa80000)
  object space 75776K, 0% used [0x00000000c0000000,0x00000000c00159b0,0x00000000c4a00000)
 PSPermGen       total 21504K, used 16775K [0x00000000b0000000, 0x00000000b1500000, 0x00000000c0000000)
  object space 21504K, 78% used [0x00000000b0000000,0x00000000b1061c00,0x00000000b1500000)
Event: 4.416 GC heap after
Heap after GC invocations=3 (full 0):
 PSYoungGen      total 33792K, used 4592K [0x00000000eaa80000, 0x00000000eec80000, 0x0000000100000000)
  eden space 29184K, 0% used [0x00000000eaa80000,0x00000000eaa80000,0x00000000ec700000)
  from space 4608K, 99% used [0x00000000ec700000,0x00000000ecb7c010,0x00000000ecb80000)
  to   space 4608K, 0% used [0x00000000ee800000,0x00000000ee800000,0x00000000eec80000)
 ParOldGen       total 75776K, used 3745K [0x00000000c0000000, 0x00000000c4a00000, 0x00000000eaa80000)
  object space 75776K, 4% used [0x00000000c0000000,0x00000000c03a85a0,0x00000000c4a00000)
 PSPermGen       total 21504K, used 16775K [0x00000000b0000000, 0x00000000b1500000, 0x00000000c0000000)
  object space 21504K, 78% used [0x00000000b0000000,0x00000000b1061c00,0x00000000b1500000)
}
Event: 6.011 GC heap before
{Heap before GC invocations=4 (full 0):
 PSYoungGen      total 33792K, used 33776K [0x00000000eaa80000, 0x00000000eec80000, 0x0000000100000000)
  eden space 29184K, 100% used [0x00000000eaa80000,0x00000000ec700000,0x00000000ec700000)
  from space 4608K, 99% used [0x00000000ec700000,0x00000000ecb7c010,0x00000000ecb80000)
  to   space 4608K, 0% used [0x00000000ee800000,0x00000000ee800000,0x00000000eec80000)
 ParOldGen       total 75776K, used 3745K [0x00000000c0000000, 0x00000000c4a00000, 0x00000000eaa80000)
  object space 75776K, 4% used [0x00000000c0000000,0x00000000c03a85a0,0x00000000c4a00000)
 PSPermGen       total 21504K, used 19893K [0x00000000b0000000, 0x00000000b1500000, 0x00000000c0000000)
  object space 21504K, 92% used [0x00000000b0000000,0x00000000b136d4e8,0x00000000b1500000)
Event: 6.038 GC heap after
Heap after GC invocations=4 (full 0):
 PSYoungGen      total 62976K, used 4592K [0x00000000eaa80000, 0x00000000eec80000, 0x0000000100000000)
  eden space 58368K, 0% used [0x00000000eaa80000,0x00000000eaa80000,0x00000000ee380000)
  from space 4608K, 99% used [0x00000000ee800000,0x00000000eec7c160,0x00000000eec80000)
  to   space 4608K, 0% used [0x00000000ee380000,0x00000000ee380000,0x00000000ee800000)
 ParOldGen       total 75776K, used 7338K [0x00000000c0000000, 0x00000000c4a00000, 0x00000000eaa80000)
  object space 75776K, 9% used [0x00000000c0000000,0x00000000c072ab28,0x00000000c4a00000)
 PSPermGen       total 21504K, used 19893K [0x00000000b0000000, 0x00000000b1500000, 0x00000000c0000000)
  object space 21504K, 92% used [0x00000000b0000000,0x00000000b136d4e8,0x00000000b1500000)
}
Event: 7.932 GC heap before
{Heap before GC invocations=5 (full 0):
 PSYoungGen      total 62976K, used 62960K [0x00000000eaa80000, 0x00000000eec80000, 0x0000000100000000)
  eden space 58368K, 100% used [0x00000000eaa80000,0x00000000ee380000,0x00000000ee380000)
  from space 4608K, 99% used [0x00000000ee800000,0x00000000eec7c160,0x00000000eec80000)
  to   space 4608K, 0% used [0x00000000ee380000,0x00000000ee380000,0x00000000ee800000)
 ParOldGen       total 75776K, used 7338K [0x00000000c0000000, 0x00000000c4a00000, 0x00000000eaa80000)
  object space 75776K, 9% used [0x00000000c0000000,0x00000000c072ab28,0x00000000c4a00000)
 PSPermGen       total 25088K, used 24605K [0x00000000b0000000, 0x00000000b1880000, 0x00000000c0000000)
  object space 25088K, 98% used [0x00000000b0000000,0x00000000b18075a0,0x00000000b1880000)
Event: 7.964 GC heap after
Heap after GC invocations=5 (full 0):
 PSYoungGen      total 62976K, used 4596K [0x00000000eaa80000, 0x00000000f3580000, 0x0000000100000000)
  eden space 58368K, 0% used [0x00000000eaa80000,0x00000000eaa80000,0x00000000ee380000)
  from space 4608K, 99% used [0x00000000ee380000,0x00000000ee7fd010,0x00000000ee800000)
  to   space 12800K, 0% used [0x00000000f2900000,0x00000000f2900000,0x00000000f3580000)
 ParOldGen       total 75776K, used 13749K [0x00000000c0000000, 0x00000000c4a00000, 0x00000000eaa80000)
  object space 75776K, 18% used [0x00000000c0000000,0x00000000c0d6d660,0x00000000c4a00000)
 PSPermGen       total 25088K, used 24605K [0x00000000b0000000, 0x00000000b1880000, 0x00000000c0000000)
  object space 25088K, 98% used [0x00000000b0000000,0x00000000b18075a0,0x00000000b1880000)
}

Deoptimization events (10 events):
Event: 8.837 Thread 0x000000000b1ec000 Uncommon trap: reason=bimorphic action=maybe_recompile pc=0x00000000025a045c method=java.util.regex.Pattern$Start.match(Ljava/util/regex/Matcher;ILjava/lang/CharSequence;)Z @ 44
Event: 8.837 Thread 0x000000000b1ec000 Uncommon trap: reason=bimorphic action=maybe_recompile pc=0x00000000025a045c method=java.util.regex.Pattern$Start.match(Ljava/util/regex/Matcher;ILjava/lang/CharSequence;)Z @ 44
Event: 8.855 Thread 0x000000000b1ec000 Uncommon trap: reason=unstable_if action=reinterpret pc=0x0000000002704f50 method=org.apache.xerces.impl.XMLEntityScanner.scanData(Ljava/lang/String;Lorg/apache/xerces/util/XMLStringBuffer;)Z @ 325
Event: 8.889 Thread 0x000000000b1ec000 Uncommon trap: reason=bimorphic action=maybe_recompile pc=0x00000000025a045c method=java.util.regex.Pattern$Start.match(Ljava/util/regex/Matcher;ILjava/lang/CharSequence;)Z @ 44
Event: 8.889 Thread 0x000000000b1ec000 Uncommon trap: reason=bimorphic action=maybe_recompile pc=0x00000000026fed80 method=java.util.regex.Pattern$Start.match(Ljava/util/regex/Matcher;ILjava/lang/CharSequence;)Z @ 44
Event: 9.161 Thread 0x000000000b1ec000 Uncommon trap: reason=unstable_if action=reinterpret pc=0x0000000002707b7c method=org.apache.xerces.impl.XMLEntityScanner.scanContent(Lorg/apache/xerces/xni/XMLString;)I @ 461
Event: 9.175 Thread 0x000000000b1ec000 Uncommon trap: reason=unstable_if action=reinterpret pc=0x00000000025672fc method=org.apache.xerces.dom.DeferredDocumentImpl.ensureCapacity(I)V @ 281
Event: 9.182 Thread 0x000000000b1ec000 Uncommon trap: reason=unstable_if action=reinterpret pc=0x000000000270a8fc method=org.apache.xerces.dom.ParentNode.nodeListGetLength()I @ 22
Event: 9.207 Thread 0x000000000b1ec000 Uncommon trap: reason=unstable_if action=reinterpret pc=0x000000000257a2d0 method=org.apache.xerces.xni.XMLString.toString()Ljava/lang/String; @ 4
Event: 9.220 Thread 0x000000000b1ec000 Uncommon trap: reason=unstable_if action=reinterpret pc=0x000000000270204c method=org.apache.xerces.dom.ParentNode.nodeListGetLength()I @ 22

Internal exceptions (10 events):
Event: 8.837 Thread 0x000000000b1ec000 Threw 0x00000000ec663ee8 at C:\re\jdk7u80\2329\hotspot\src\share\vm\prims\jvm.cpp:1319
Event: 8.838 Thread 0x000000000b1ec000 Threw 0x00000000ec668798 at C:\re\jdk7u80\2329\hotspot\src\share\vm\prims\jvm.cpp:1319
Event: 8.838 Thread 0x000000000b1ec000 Threw 0x00000000ec6697a0 at C:\re\jdk7u80\2329\hotspot\src\share\vm\prims\jvm.cpp:1319
Event: 8.838 Thread 0x000000000b1ec000 Threw 0x00000000ec670948 at C:\re\jdk7u80\2329\hotspot\src\share\vm\prims\jvm.cpp:1319
Event: 8.839 Thread 0x000000000b1ec000 Threw 0x00000000ec6749f0 at C:\re\jdk7u80\2329\hotspot\src\share\vm\prims\jvm.cpp:1319
Event: 8.839 Thread 0x000000000b1ec000 Threw 0x00000000ec6758d0 at C:\re\jdk7u80\2329\hotspot\src\share\vm\prims\jvm.cpp:1319
Event: 8.839 Thread 0x000000000b1ec000 Threw 0x00000000ec67b4b0 at C:\re\jdk7u80\2329\hotspot\src\share\vm\prims\jvm.cpp:1319
Event: 8.839 Thread 0x000000000b1ec000 Threw 0x00000000ec67fe78 at C:\re\jdk7u80\2329\hotspot\src\share\vm\prims\jvm.cpp:1319
Event: 8.839 Thread 0x000000000b1ec000 Threw 0x00000000ec681058 at C:\re\jdk7u80\2329\hotspot\src\share\vm\prims\jvm.cpp:1319
Event: 8.839 Thread 0x000000000b1ec000 Threw 0x00000000ec68a450 at C:\re\jdk7u80\2329\hotspot\src\share\vm\prims\jvm.cpp:1319

Events (10 events):
Event: 9.175 Thread 0x000000000b1ec000 DEOPT UNPACKING pc=0x0000000002529064 sp=0x000000000ce2a9e0 mode 2
Event: 9.182 Thread 0x000000000b1ec000 Uncommon trap: trap_request=0xffffff75 fr.pc=0x000000000270a8fc
Event: 9.182 Thread 0x000000000b1ec000 DEOPT PACKING pc=0x000000000270a8fc sp=0x000000000ce2b080
Event: 9.182 Thread 0x000000000b1ec000 DEOPT UNPACKING pc=0x0000000002529064 sp=0x000000000ce2afc0 mode 2
Event: 9.207 Thread 0x000000000b1ec000 Uncommon trap: trap_request=0xffffff75 fr.pc=0x000000000257a2d0
Event: 9.207 Thread 0x000000000b1ec000 DEOPT PACKING pc=0x000000000257a2d0 sp=0x000000000ce2b910
Event: 9.207 Thread 0x000000000b1ec000 DEOPT UNPACKING pc=0x0000000002529064 sp=0x000000000ce2b8f8 mode 2
Event: 9.220 Thread 0x000000000b1ec000 Uncommon trap: trap_request=0xffffff75 fr.pc=0x000000000270204c
Event: 9.220 Thread 0x000000000b1ec000 DEOPT PACKING pc=0x000000000270204c sp=0x000000000ce2bd90
Event: 9.220 Thread 0x000000000b1ec000 DEOPT UNPACKING pc=0x0000000002529064 sp=0x000000000ce2bd28 mode 2


Dynamic libraries:
0x00007ff6d9990000 - 0x00007ff6d99c3000 	C:\Program Files\Java\jdk1.7.0_80\bin\java.exe
0x00007ffb88d90000 - 0x00007ffb88f61000 	C:\WINDOWS\SYSTEM32\ntdll.dll
0x00007ffb86670000 - 0x00007ffb8671b000 	C:\WINDOWS\System32\KERNEL32.DLL
0x00007ffb85dc0000 - 0x00007ffb85fdd000 	C:\WINDOWS\System32\KERNELBASE.dll
0x00007ffb88230000 - 0x00007ffb882d2000 	C:\WINDOWS\System32\ADVAPI32.dll
0x00007ffb87ca0000 - 0x00007ffb87d3e000 	C:\WINDOWS\System32\msvcrt.dll
0x00007ffb86600000 - 0x00007ffb86659000 	C:\WINDOWS\System32\sechost.dll
0x00007ffb88570000 - 0x00007ffb88691000 	C:\WINDOWS\System32\RPCRT4.dll
0x00007ffb87d40000 - 0x00007ffb87ea5000 	C:\WINDOWS\System32\USER32.dll
0x00007ffb85da0000 - 0x00007ffb85dbe000 	C:\WINDOWS\System32\win32u.dll
0x00007ffb86320000 - 0x00007ffb86354000 	C:\WINDOWS\System32\GDI32.dll
0x00007ffb86130000 - 0x00007ffb862b2000 	C:\WINDOWS\System32\gdi32full.dll
0x00007ffb74b70000 - 0x00007ffb74dea000 	C:\WINDOWS\WinSxS\amd64_microsoft.windows.common-controls_6595b64144ccf1df_6.0.14393.351_none_4213128bc687e6d3\COMCTL32.dll
0x00007ffb87ec0000 - 0x00007ffb88187000 	C:\WINDOWS\System32\combase.dll
0x00007ffb85280000 - 0x00007ffb85375000 	C:\WINDOWS\System32\ucrtbase.dll
0x00007ffb85550000 - 0x00007ffb855ba000 	C:\WINDOWS\System32\bcryptPrimitives.dll
0x00007ffb88520000 - 0x00007ffb8854e000 	C:\WINDOWS\System32\IMM32.DLL
0x0000000057c00000 - 0x0000000057cd2000 	C:\Program Files\Java\jdk1.7.0_80\jre\bin\msvcr100.dll
0x0000000057420000 - 0x0000000057bf9000 	C:\Program Files\Java\jdk1.7.0_80\jre\bin\server\jvm.dll
0x00007ffb88450000 - 0x00007ffb88458000 	C:\WINDOWS\System32\PSAPI.DLL
0x00007ffb79450000 - 0x00007ffb79459000 	C:\WINDOWS\SYSTEM32\WSOCK32.dll
0x00007ffb87c30000 - 0x00007ffb87c9a000 	C:\WINDOWS\System32\WS2_32.dll
0x00007ffb82bb0000 - 0x00007ffb82bd3000 	C:\WINDOWS\SYSTEM32\WINMM.dll
0x00007ffb82b70000 - 0x00007ffb82b9b000 	C:\WINDOWS\SYSTEM32\WINMMBASE.dll
0x00007ffb855c0000 - 0x00007ffb85602000 	C:\WINDOWS\System32\cfgmgr32.dll
0x0000000057410000 - 0x000000005741f000 	C:\Program Files\Java\jdk1.7.0_80\jre\bin\verify.dll
0x00000000573e0000 - 0x0000000057408000 	C:\Program Files\Java\jdk1.7.0_80\jre\bin\java.dll
0x00000000573c0000 - 0x00000000573d6000 	C:\Program Files\Java\jdk1.7.0_80\jre\bin\zip.dll
0x00000000573a0000 - 0x00000000573ba000 	C:\Program Files\Java\jdk1.7.0_80\jre\bin\net.dll
0x00007ffb84940000 - 0x00007ffb8499c000 	C:\WINDOWS\system32\mswsock.dll
0x0000000057380000 - 0x0000000057391000 	C:\Program Files\Java\jdk1.7.0_80\jre\bin\nio.dll
0x00007ffb80c30000 - 0x00007ffb80c42000 	C:\Users\L\.gradle\native\19\windows-amd64\native-platform.dll
0x00007ffb884c0000 - 0x00007ffb88512000 	C:\WINDOWS\System32\SHLWAPI.dll
0x00007ffb84c60000 - 0x00007ffb84c77000 	C:\WINDOWS\SYSTEM32\CRYPTSP.dll
0x00007ffb84b40000 - 0x00007ffb84b73000 	C:\WINDOWS\system32\rsaenh.dll
0x00007ffb85130000 - 0x00007ffb8515b000 	C:\WINDOWS\SYSTEM32\bcrypt.dll
0x00007ffb847d0000 - 0x00007ffb847ef000 	C:\WINDOWS\SYSTEM32\USERENV.dll
0x00007ffb851f0000 - 0x00007ffb85204000 	C:\WINDOWS\System32\profapi.dll
0x00007ffb84c80000 - 0x00007ffb84c8b000 	C:\WINDOWS\SYSTEM32\CRYPTBASE.dll
0x00007ffb846d0000 - 0x00007ffb84708000 	C:\WINDOWS\SYSTEM32\IPHLPAPI.DLL
0x00007ffb87eb0000 - 0x00007ffb87eb8000 	C:\WINDOWS\System32\NSI.dll
0x00007ffb80350000 - 0x00007ffb80366000 	C:\WINDOWS\SYSTEM32\dhcpcsvc6.DLL
0x00007ffb812e0000 - 0x00007ffb812fa000 	C:\WINDOWS\SYSTEM32\dhcpcsvc.DLL
0x0000000057370000 - 0x000000005737b000 	C:\Program Files\Java\jdk1.7.0_80\jre\bin\management.dll

VM Arguments:
jvm_args: -XX:MaxPermSize=256m -XX:+HeapDumpOnOutOfMemoryError -Xmx1024m -Dfile.encoding=windows-1252 -Duser.country=US -Duser.language=en -Duser.variant 
java_command: org.gradle.launcher.daemon.bootstrap.GradleDaemon 2.14.1
Launcher Type: SUN_STANDARD

Environment Variables:
PATH=C:\ProgramData\Oracle\Java\javapath;C:\WINDOWS\system32;C:\WINDOWS;C:\WINDOWS\System32\Wbem;C:\WINDOWS\System32\WindowsPowerShell\v1.0\;C:\Program Files (x86)\ATI Technologies\ATI.ACE\Core-Static;C:\Program Files (x86)\Skype\Phone\;C:\Program Files (x86)\GtkSharp\2.12\bin;C:\WINDOWS\system32\config\systemprofile\.dnx\bin;C:\Program Files\Microsoft DNX\Dnvm\;C:\Program Files\Microsoft SQL Server\120\Tools\Binn\;C:\Program Files (x86)\Windows Kits\10\Windows Performance Toolkit\;C:\Program Files (x86)\nodejs\;C:\Program Files\Git\cmd;C:\Program Files (x86)\MySQL\MySQL Fabric 1.5 & MySQL Utilities 1.5\;C:\Program Files (x86)\MySQL\MySQL Fabric 1.5 & MySQL Utilities 1.5\Doctrine extensions for PHP\;C:\Program Files (x86)\QuickTime\QTSystem\;C:\Program Files\Common Files\Autodesk Shared\;C:\Program Files\MATLAB\R2016b\bin;C:\Program Files (x86)\Autodesk\Backburner\;C:\Users\L\Anaconda3;C:\Users\L\Anaconda3\Scripts;C:\Users\L\Anaconda3\Library\bin;C:\Users\L\AppData\Local\Programs\Python\Python35-32\Scripts\;C:\Users\L\AppData\Local\Programs\Python\Python35-32\;C:\Users\L\AppData\Roaming\npm;C:\Users\L\AppData\Local\Microsoft\WindowsApps;
USERNAME=L
OS=Windows_NT
PROCESSOR_IDENTIFIER=AMD64 Family 21 Model 48 Stepping 1, AuthenticAMD



---------------  S Y S T E M  ---------------

OS: Windows 8.1 , 64 bit Build 9600 

CPU:total 4 (4 cores per cpu, 1 threads per core) family 21 model 48 stepping 1, cmov, cx8, fxsr, mmx, sse, sse2, sse3, ssse3, sse4.1, sse4.2, popcnt, avx, aes, mmxext, 3dnowpref, lzcnt, sse4a, tsc, tscinvbit, tscinv

Memory: 4k page, physical 7283532k(2101564k free), swap 9111372k(5892k free)

vm_info: Java HotSpot(TM) 64-Bit Server VM (24.80-b11) for windows-amd64 JRE (1.7.0_80-b15), built on Apr 10 2015 11:26:34 by "java_re" with unknown MS VC++:1600

time: Wed Nov 09 13:13:49 2016
elapsed time: 9 seconds

